<!DOCTYPE html>
<html>
<head>
<meta http-equiv="Content-Type" content="text/html; charset=utf-8"/>
<meta http-equiv="x-ua-compatible" content="IE=edge"/>
<title>Test results - SearchTests</title>
<link href="../css/base-style.css" rel="stylesheet" type="text/css"/>
<link href="../css/style.css" rel="stylesheet" type="text/css"/>
<script src="../js/report.js" type="text/javascript"></script>
</head>
<body>
<div id="content">
<h1>SearchTests</h1>
<div class="breadcrumbs">
<a href="../index.html">all</a> &gt; 
<a href="../packages/tests.html">tests</a> &gt; SearchTests</div>
<div id="summary">
<table>
<tr>
<td>
<div class="summaryGroup">
<table>
<tr>
<td>
<div class="infoBox" id="tests">
<div class="counter">2</div>
<p>tests</p>
</div>
</td>
<td>
<div class="infoBox" id="failures">
<div class="counter">0</div>
<p>failures</p>
</div>
</td>
<td>
<div class="infoBox" id="ignored">
<div class="counter">0</div>
<p>ignored</p>
</div>
</td>
<td>
<div class="infoBox" id="duration">
<div class="counter">58.565s</div>
<p>duration</p>
</div>
</td>
</tr>
</table>
</div>
</td>
<td>
<div class="infoBox success" id="successRate">
<div class="percent">100%</div>
<p>successful</p>
</div>
</td>
</tr>
</table>
</div>
<div id="tabs">
<ul class="tabLinks">
<li>
<a href="#tab0">Tests</a>
</li>
<li>
<a href="#tab1">Standard error</a>
</li>
</ul>
<div id="tab0" class="tab">
<h2>Tests</h2>
<table>
<thead>
<tr>
<th>Test</th>
<th>Duration</th>
<th>Result</th>
</tr>
</thead>
<tr>
<td class="success">openAnyArticleTest()</td>
<td class="success">31.545s</td>
<td class="success">passed</td>
</tr>
<tr>
<td class="success">successfulSearchTest()</td>
<td class="success">27.020s</td>
<td class="success">passed</td>
</tr>
</table>
</div>
<div id="tab1" class="tab">
<h2>Standard error</h2>
<span class="code">
<pre>[Test worker] INFO com.codeborne.selenide.WebDriverThreadLocalContainer - No webdriver is bound to current thread: 1 - let's create a new webdriver
[Test worker] INFO com.codeborne.selenide.webdriver.WebDriverFactory - Failed to set page load timeout to 30000 ms: org.openqa.selenium.UnsupportedCommandException: {&quot;value&quot;:{&quot;error&quot;:&quot;unknown method&quot;,&quot;message&quot;:&quot;Not implemented yet for pageLoad.&quot;,&quot;stacktrace&quot;:&quot;NotImplementedError: Not implemented yet for pageLoad.\n    at AndroidUiautomator2Driver.pageLoadTimeoutW3C (/nix/store/7gcl75xhklpjnw78s382pkyxgviyrsk4-appium-1.22.0/node_modules/appium-uiautomator2-driver/node_modules/appium-base-driver/lib/basedriver/commands/timeout.js:83:9)\n    at AndroidUiautomator2Driver.timeouts (/nix/store/7gcl75xhklpjnw78s382pkyxgviyrsk4-appium-1.22.0/node_modules/appium-uiautomator2-driver/node_modules/appium-base-driver/lib/basedriver/commands/timeout.js:40:16)\n    at commandExecutor (/nix/store/7gcl75xhklpjnw78s382pkyxgviyrsk4-appium-1.22.0/node_modules/appium-uiautomator2-driver/node_modules/appium-base-driver/lib/basedriver/driver.js:335:9)\n    at /nix/store/7gcl75xhklpjnw78s382pkyxgviyrsk4-appium-1.22.0/node_modules/appium-uiautomator2-driver/node_modules/async-lock/lib/index.js:146:12\n    at AsyncLock._promiseTry (/nix/store/7gcl75xhklpjnw78s382pkyxgviyrsk4-appium-1.22.0/node_modules/appium-uiautomator2-driver/node_modules/async-lock/lib/index.js:280:31)\n    at exec (/nix/store/7gcl75xhklpjnw78s382pkyxgviyrsk4-appium-1.22.0/node_modules/appium-uiautomator2-driver/node_modules/async-lock/lib/index.js:145:9)\n    at AsyncLock.acquire (/nix/store/7gcl75xhklpjnw78s382pkyxgviyrsk4-appium-1.22.0/node_modules/appium-uiautomator2-driver/node_modules/async-lock/lib/index.js:162:3)\n    at AndroidUiautomator2Driver.executeCommand (/nix/store/7gcl75xhklpjnw78s382pkyxgviyrsk4-appium-1.22.0/node_modules/appium-uiautomator2-driver/node_modules/appium-base-driver/lib/basedriver/driver.js:348:39)\n    at AppiumDriver.executeCommand (/nix/store/7gcl75xhklpjnw78s382pkyxgviyrsk4-appium-1.22.0/lib/appium.js:563:36)\n    at processTicksAndRejections (internal/process/task_queues.js:97:5)\n    at asyncHandler (/nix/store/7gcl75xhklpjnw78s382pkyxgviyrsk4-appium-1.22.0/node_modules/appium-base-driver/lib/protocol/protocol.js:297:21)&quot;}}
Command duration or timeout: 196 milliseconds
Build info: version: '4.14.1', revision: '03f8ede370'
System info: os.name: 'Windows 11', os.arch: 'amd64', os.version: '10.0', java.version: '17.0.12'
Driver info: io.appium.java_client.android.AndroidDriver
Command: [d480ce734805a655bfd295554c54df2225f84cf9, setTimeout {pageLoad=30000}]
Capabilities {appium:appActivity: org.wikipedia.main.MainActi..., appium:appPackage: org.wikipedia.alpha, appium:automationName: uiautomator2, appium:browserstackLocal: true, appium:bundleID: org.wikipedia.alpha, appium:bundleId: org.wikipedia.alpha, appium:chromedriverPorts: [[18111, 18121]], appium:databaseEnabled: false, appium:desired: {appActivity: org.wikipedia.main.MainActi..., appPackage: org.wikipedia.alpha, automationName: uiautomator2, browserstackLocal: true, bundleID: org.wikipedia.alpha, bundleId: org.wikipedia.alpha, chromedriverPorts: [[18111, 18121]], deviceName: samsung galaxy s22 ultra, disableSuppressAccessibilityService: true, goog:chromeOptions: {}, nativeWebScreenshot: true, newCommandTimeout: 0, platformName: Android, platformVersion: 12.0, skipServerInstallation: true, systemPort: 8201, udid: R3CT408A1EF}, appium:deviceApiLevel: 31, appium:deviceManufacturer: samsung, appium:deviceModel: SM-S908B, appium:deviceName: R3CT408A1EF, appium:deviceScreenDensity: 450, appium:deviceScreenSize: 1080x2316, appium:deviceUDID: R3CT408A1EF, appium:disableSuppressAccessibilityService: true, appium:javascriptEnabled: true, appium:locationContextEnabled: false, appium:nativeWebScreenshot: true, appium:networkConnectionEnabled: true, appium:newCommandTimeout: 0, appium:pixelRatio: 2.8125, appium:platformVersion: 12, appium:skipServerInstallation: true, appium:statBarHeight: 75, appium:systemPort: 8201, appium:takesScreenshot: true, appium:udid: R3CT408A1EF, appium:viewportRect: {height: 2031, left: 0, top: 75, width: 1080}, appium:warnings: {}, appium:webStorageEnabled: false, goog:chromeOptions: {}, platformName: ANDROID}
Session ID: d480ce734805a655bfd295554c54df2225f84cf9
[Test worker] INFO com.codeborne.selenide.webdriver.WebDriverFactory - Selenide 7.8.1 / Selenium 4.14.1 /   ANDROID
[Test worker] INFO com.codeborne.selenide.WebDriverThreadLocalContainer - No webdriver is bound to current thread: 1 - let's create a new webdriver
[Test worker] INFO com.codeborne.selenide.webdriver.WebDriverFactory - Failed to set page load timeout to 30000 ms: org.openqa.selenium.UnsupportedCommandException: {&quot;value&quot;:{&quot;error&quot;:&quot;unknown method&quot;,&quot;message&quot;:&quot;Not implemented yet for pageLoad.&quot;,&quot;stacktrace&quot;:&quot;NotImplementedError: Not implemented yet for pageLoad.\n    at AndroidUiautomator2Driver.pageLoadTimeoutW3C (/nix/store/7gcl75xhklpjnw78s382pkyxgviyrsk4-appium-1.22.0/node_modules/appium-uiautomator2-driver/node_modules/appium-base-driver/lib/basedriver/commands/timeout.js:83:9)\n    at AndroidUiautomator2Driver.timeouts (/nix/store/7gcl75xhklpjnw78s382pkyxgviyrsk4-appium-1.22.0/node_modules/appium-uiautomator2-driver/node_modules/appium-base-driver/lib/basedriver/commands/timeout.js:40:16)\n    at commandExecutor (/nix/store/7gcl75xhklpjnw78s382pkyxgviyrsk4-appium-1.22.0/node_modules/appium-uiautomator2-driver/node_modules/appium-base-driver/lib/basedriver/driver.js:335:9)\n    at /nix/store/7gcl75xhklpjnw78s382pkyxgviyrsk4-appium-1.22.0/node_modules/appium-uiautomator2-driver/node_modules/async-lock/lib/index.js:146:12\n    at AsyncLock._promiseTry (/nix/store/7gcl75xhklpjnw78s382pkyxgviyrsk4-appium-1.22.0/node_modules/appium-uiautomator2-driver/node_modules/async-lock/lib/index.js:280:31)\n    at exec (/nix/store/7gcl75xhklpjnw78s382pkyxgviyrsk4-appium-1.22.0/node_modules/appium-uiautomator2-driver/node_modules/async-lock/lib/index.js:145:9)\n    at AsyncLock.acquire (/nix/store/7gcl75xhklpjnw78s382pkyxgviyrsk4-appium-1.22.0/node_modules/appium-uiautomator2-driver/node_modules/async-lock/lib/index.js:162:3)\n    at AndroidUiautomator2Driver.executeCommand (/nix/store/7gcl75xhklpjnw78s382pkyxgviyrsk4-appium-1.22.0/node_modules/appium-uiautomator2-driver/node_modules/appium-base-driver/lib/basedriver/driver.js:348:39)\n    at AppiumDriver.executeCommand (/nix/store/7gcl75xhklpjnw78s382pkyxgviyrsk4-appium-1.22.0/lib/appium.js:563:36)\n    at processTicksAndRejections (internal/process/task_queues.js:97:5)\n    at asyncHandler (/nix/store/7gcl75xhklpjnw78s382pkyxgviyrsk4-appium-1.22.0/node_modules/appium-base-driver/lib/protocol/protocol.js:297:21)&quot;}}
Command duration or timeout: 564 milliseconds
Build info: version: '4.14.1', revision: '03f8ede370'
System info: os.name: 'Windows 11', os.arch: 'amd64', os.version: '10.0', java.version: '17.0.12'
Driver info: io.appium.java_client.android.AndroidDriver
Command: [a8c5c15af29c266f19f02718ff29006bb6f861c0, setTimeout {pageLoad=30000}]
Capabilities {appium:appActivity: org.wikipedia.main.MainActi..., appium:appPackage: org.wikipedia.alpha, appium:automationName: uiautomator2, appium:browserstackLocal: true, appium:bundleID: org.wikipedia.alpha, appium:bundleId: org.wikipedia.alpha, appium:chromedriverPorts: [[18122, 18132]], appium:databaseEnabled: false, appium:desired: {appActivity: org.wikipedia.main.MainActi..., appPackage: org.wikipedia.alpha, automationName: uiautomator2, browserstackLocal: true, bundleID: org.wikipedia.alpha, bundleId: org.wikipedia.alpha, chromedriverPorts: [[18122, 18132]], deviceName: samsung galaxy s22 ultra, disableSuppressAccessibilityService: true, goog:chromeOptions: {}, nativeWebScreenshot: true, newCommandTimeout: 0, platformName: Android, platformVersion: 12.0, skipServerInstallation: true, systemPort: 8202, udid: R5CT238SA9L}, appium:deviceApiLevel: 31, appium:deviceManufacturer: samsung, appium:deviceModel: SM-S908E, appium:deviceName: R5CT238SA9L, appium:deviceScreenDensity: 450, appium:deviceScreenSize: 1080x2316, appium:deviceUDID: R5CT238SA9L, appium:disableSuppressAccessibilityService: true, appium:javascriptEnabled: true, appium:locationContextEnabled: false, appium:nativeWebScreenshot: true, appium:networkConnectionEnabled: true, appium:newCommandTimeout: 0, appium:pixelRatio: 2.8125, appium:platformVersion: 12, appium:skipServerInstallation: true, appium:statBarHeight: 75, appium:systemPort: 8202, appium:takesScreenshot: true, appium:udid: R5CT238SA9L, appium:viewportRect: {height: 2031, left: 0, top: 75, width: 1080}, appium:warnings: {}, appium:webStorageEnabled: false, goog:chromeOptions: {}, platformName: ANDROID}
Session ID: a8c5c15af29c266f19f02718ff29006bb6f861c0
[Test worker] INFO com.codeborne.selenide.webdriver.WebDriverFactory - Selenide 7.8.1 / Selenium 4.14.1 /   ANDROID
</pre>
</span>
</div>
</div>
<div id="footer">
<p>
<div>
<label class="hidden" id="label-for-line-wrapping-toggle" for="line-wrapping-toggle">Wrap lines
<input id="line-wrapping-toggle" type="checkbox" autocomplete="off"/>
</label>
</div>Generated by 
<a href="http://www.gradle.org">Gradle 8.12</a> at 10 июл. 2025 г., 21:12:37</p>
</div>
</div>
</body>
</html>
